$ truffle deploy --reset --compile-all --network rinkeby

Compiling your contracts...
===========================
> Compiling ./contracts/Echo.sol
> Compiling ./contracts/Migrations.sol
> Artifacts written to /home/vincent/SoliditySmartContractDemo/build/contracts
> Compiled successfully using:
   - solc: 0.8.10+commit.fc410830.Emscripten.clang



Migrations dry-run (simulation)
===============================
> Network name:    'rinkeby-fork'
> Network id:      4
> Block gas limit: 29970705 (0x1c95111)


1_initial_migration.js
======================

   Deploying 'Migrations'
   ----------------------
   > block number:        9756601
   > block timestamp:     1638632597
   > account:             0xbeC4C57197DE2D7C63b94adB74f6f3868C43FEa4
   > balance:             11.526686819233983234
   > gas used:            233854 (0x3917e)
   > gas price:           2 gwei
   > value sent:          0 ETH
   > total cost:          0.000467708 ETH

   -------------------------------------
   > Total cost:         0.000467708 ETH


2_echo_migration.js
===================

   Deploying 'Echo'
   ----------------
   > block number:        9756603
   > block timestamp:     1638632618
   > account:             0xbeC4C57197DE2D7C63b94adB74f6f3868C43FEa4
   > balance:             11.526202777233983234
   > gas used:            214508 (0x345ec)
   > gas price:           2 gwei
   > value sent:          0 ETH
   > total cost:          0.000429016 ETH

   -------------------------------------
   > Total cost:         0.000429016 ETH


Summary
=======
> Total deployments:   2
> Final cost:          0.000896724 ETH





Starting migrations...
======================
> Network name:    'rinkeby'
> Network id:      4
> Block gas limit: 30000000 (0x1c9c380)


1_initial_migration.js
======================

   Deploying 'Migrations'
   ----------------------
   > transaction hash:    0x2ac19fe98e8079a7dba734950239c8a8c65cf0042f674dbdd18772ef141dfd56
   > Blocks: 0            Seconds: 13
   > contract address:    0x75D4a17BE2c9c2f2a56a4177E0F2C6761CbD7565
   > block number:        9756605
   > block timestamp:     1638632645
   > account:             0xbeC4C57197DE2D7C63b94adB74f6f3868C43FEa4
   > balance:             11.526529142231982002
   > gas used:            250154 (0x3d12a)
   > gas price:           2.500000008 gwei
   > value sent:          0 ETH
   > total cost:          0.000625385002001232 ETH


   > Saving migration to chain.
   > Saving artifacts
   -------------------------------------
   > Total cost:     0.000625385002001232 ETH


2_echo_migration.js
===================

   Deploying 'Echo'
   ----------------
   > transaction hash:    0x26542c89a3ce6c2f76494048a4f40595930d42a33bf15f2b01f5cd344afb4306
   > Blocks: 2            Seconds: 23
   > contract address:    0xc09c47832Ec723356aDAFEF4caFccDdDB58427Dd
   > block number:        9756608
   > block timestamp:     1638632690
   > account:             0xbeC4C57197DE2D7C63b94adB74f6f3868C43FEa4
   > balance:             11.525878089729898634
   > gas used:            214508 (0x345ec)
   > gas price:           2.500000008 gwei
   > value sent:          0 ETH
   > total cost:          0.000536270001716064 ETH


   > Saving migration to chain.
   > Saving artifacts
   -------------------------------------
   > Total cost:     0.000536270001716064 ETH


Summary
=======
> Total deployments:   2
> Final cost:          0.001161655003717296 ETH